{"/Users/vitoriamainardi/Desktop/Challenge/src/constants/colors.js": {"path":"/Users/vitoriamainardi/Desktop/Challenge/src/constants/colors.js","statementMap":{"0":{"start":{"line":1,"column":26},"end":{"line":1,"column":35}},"1":{"start":{"line":2,"column":25},"end":{"line":2,"column":34}}},"fnMap":{},"branchMap":{},"s":{"0":2,"1":2},"f":{},"b":{},"_coverageSchema":"43e27e138ebf9cfc5966b082cf9a028302ed4184","hash":"ec7dc7bbdf4f0d8161f8e64bdf4062e1b119ef03"}
,"/Users/vitoriamainardi/Desktop/Challenge/src/constants/sampleData.js": {"path":"/Users/vitoriamainardi/Desktop/Challenge/src/constants/sampleData.js","statementMap":{"0":{"start":{"line":1,"column":29},"end":{"line":1,"column":50}},"1":{"start":{"line":3,"column":22},"end":{"line":7,"column":1}},"2":{"start":{"line":9,"column":22},"end":{"line":16,"column":1}}},"fnMap":{},"branchMap":{},"s":{"0":5,"1":5,"2":5},"f":{},"b":{},"_coverageSchema":"43e27e138ebf9cfc5966b082cf9a028302ed4184","hash":"6b3da3ffbd703793d3b66ac398a487f04c89ab0a"}
,"/Users/vitoriamainardi/Desktop/Challenge/src/tests/empty-module.js": {"path":"/Users/vitoriamainardi/Desktop/Challenge/src/tests/empty-module.js","statementMap":{"0":{"start":{"line":2,"column":0},"end":{"line":2,"column":20}}},"fnMap":{},"branchMap":{},"s":{"0":3},"f":{},"b":{},"_coverageSchema":"43e27e138ebf9cfc5966b082cf9a028302ed4184","hash":"4ad7f23277967af3b93c2b957ea9e8676158d870"}
,"/Users/vitoriamainardi/Desktop/Challenge/src/views/App.js": {"path":"/Users/vitoriamainardi/Desktop/Challenge/src/views/App.js","statementMap":{"0":{"start":{"line":9,"column":12},"end":{"line":61,"column":1}},"1":{"start":{"line":10,"column":68},"end":{"line":12,"column":3}},"2":{"start":{"line":13,"column":70},"end":{"line":15,"column":3}},"3":{"start":{"line":16,"column":52},"end":{"line":16,"column":67}},"4":{"start":{"line":17,"column":38},"end":{"line":17,"column":53}},"5":{"start":{"line":19,"column":20},"end":{"line":19,"column":53}},"6":{"start":{"line":20,"column":20},"end":{"line":22,"column":8}},"7":{"start":{"line":24,"column":30},"end":{"line":30,"column":3}},"8":{"start":{"line":25,"column":4},"end":{"line":25,"column":27}},"9":{"start":{"line":26,"column":4},"end":{"line":26,"column":40}},"10":{"start":{"line":27,"column":4},"end":{"line":27,"column":31}},"11":{"start":{"line":28,"column":4},"end":{"line":28,"column":49}},"12":{"start":{"line":29,"column":4},"end":{"line":29,"column":25}},"13":{"start":{"line":32,"column":31},"end":{"line":36,"column":3}},"14":{"start":{"line":33,"column":4},"end":{"line":33,"column":27}},"15":{"start":{"line":34,"column":4},"end":{"line":34,"column":41}},"16":{"start":{"line":35,"column":4},"end":{"line":35,"column":24}},"17":{"start":{"line":38,"column":2},"end":{"line":60,"column":4}},"18":{"start":{"line":63,"column":13},"end":{"line":66,"column":1}},"19":{"start":{"line":68,"column":16},"end":{"line":71,"column":1}},"20":{"start":{"line":73,"column":22},"end":{"line":75,"column":1}},"21":{"start":{"line":76,"column":0},"end":{"line":76,"column":44}}},"fnMap":{"0":{"name":"(anonymous_0)","decl":{"start":{"line":9,"column":12},"end":{"line":9,"column":13}},"loc":{"start":{"line":9,"column":18},"end":{"line":61,"column":1}},"line":9},"1":{"name":"(anonymous_1)","decl":{"start":{"line":24,"column":30},"end":{"line":24,"column":31}},"loc":{"start":{"line":24,"column":48},"end":{"line":30,"column":3}},"line":24},"2":{"name":"(anonymous_2)","decl":{"start":{"line":32,"column":31},"end":{"line":32,"column":32}},"loc":{"start":{"line":32,"column":49},"end":{"line":36,"column":3}},"line":32}},"branchMap":{"0":{"loc":{"start":{"line":20,"column":20},"end":{"line":22,"column":8}},"type":"cond-expr","locations":[{"start":{"line":21,"column":6},"end":{"line":21,"column":51}},{"start":{"line":22,"column":6},"end":{"line":22,"column":8}}],"line":20}},"s":{"0":1,"1":5,"2":5,"3":5,"4":5,"5":5,"6":5,"7":5,"8":0,"9":0,"10":0,"11":0,"12":0,"13":5,"14":0,"15":0,"16":0,"17":5,"18":1,"19":1,"20":1,"21":1},"f":{"0":5,"1":0,"2":0},"b":{"0":[0,5]},"_coverageSchema":"43e27e138ebf9cfc5966b082cf9a028302ed4184","hash":"69bdaf47c9a4be11ea111f9ea530981fdbd4eac1"}
,"/Users/vitoriamainardi/Desktop/Challenge/src/views/Dropdown/Dropdown.js": {"path":"/Users/vitoriamainardi/Desktop/Challenge/src/views/Dropdown/Dropdown.js","statementMap":{"0":{"start":{"line":10,"column":4},"end":{"line":10,"column":17}},"1":{"start":{"line":12,"column":4},"end":{"line":14,"column":6}},"2":{"start":{"line":16,"column":4},"end":{"line":16,"column":53}},"3":{"start":{"line":17,"column":4},"end":{"line":17,"column":55}},"4":{"start":{"line":21,"column":4},"end":{"line":21,"column":27}},"5":{"start":{"line":23,"column":4},"end":{"line":25,"column":7}},"6":{"start":{"line":24,"column":6},"end":{"line":24,"column":61}},"7":{"start":{"line":29,"column":4},"end":{"line":33,"column":5}},"8":{"start":{"line":30,"column":6},"end":{"line":32,"column":9}},"9":{"start":{"line":31,"column":8},"end":{"line":31,"column":66}},"10":{"start":{"line":42,"column":8},"end":{"line":42,"column":18}},"11":{"start":{"line":43,"column":4},"end":{"line":84,"column":6}},"12":{"start":{"line":62,"column":14},"end":{"line":62,"column":42}},"13":{"start":{"line":66,"column":14},"end":{"line":79,"column":20}},"14":{"start":{"line":71,"column":20},"end":{"line":71,"column":50}},"15":{"start":{"line":72,"column":20},"end":{"line":74,"column":23}},"16":{"start":{"line":73,"column":22},"end":{"line":73,"column":80}},"17":{"start":{"line":88,"column":0},"end":{"line":93,"column":2}},"18":{"start":{"line":95,"column":20},"end":{"line":103,"column":1}},"19":{"start":{"line":102,"column":14},"end":{"line":102,"column":52}},"20":{"start":{"line":104,"column":0},"end":{"line":104,"column":40}},"21":{"start":{"line":106,"column":16},"end":{"line":108,"column":1}},"22":{"start":{"line":110,"column":13},"end":{"line":115,"column":1}},"23":{"start":{"line":112,"column":14},"end":{"line":112,"column":66}},"24":{"start":{"line":116,"column":0},"end":{"line":116,"column":26}},"25":{"start":{"line":118,"column":21},"end":{"line":123,"column":1}},"26":{"start":{"line":124,"column":0},"end":{"line":124,"column":42}},"27":{"start":{"line":126,"column":16},"end":{"line":133,"column":1}},"28":{"start":{"line":134,"column":0},"end":{"line":134,"column":32}},"29":{"start":{"line":136,"column":22},"end":{"line":141,"column":1}},"30":{"start":{"line":142,"column":0},"end":{"line":142,"column":44}},"31":{"start":{"line":144,"column":17},"end":{"line":151,"column":1}},"32":{"start":{"line":152,"column":0},"end":{"line":152,"column":34}}},"fnMap":{"0":{"name":"(anonymous_0)","decl":{"start":{"line":9,"column":2},"end":{"line":9,"column":3}},"loc":{"start":{"line":9,"column":21},"end":{"line":18,"column":3}},"line":9},"1":{"name":"(anonymous_1)","decl":{"start":{"line":20,"column":2},"end":{"line":20,"column":3}},"loc":{"start":{"line":20,"column":22},"end":{"line":26,"column":3}},"line":20},"2":{"name":"(anonymous_2)","decl":{"start":{"line":23,"column":42},"end":{"line":23,"column":43}},"loc":{"start":{"line":23,"column":48},"end":{"line":25,"column":5}},"line":23},"3":{"name":"(anonymous_3)","decl":{"start":{"line":28,"column":2},"end":{"line":28,"column":3}},"loc":{"start":{"line":28,"column":23},"end":{"line":34,"column":3}},"line":28},"4":{"name":"(anonymous_4)","decl":{"start":{"line":30,"column":45},"end":{"line":30,"column":46}},"loc":{"start":{"line":30,"column":51},"end":{"line":32,"column":7}},"line":30},"5":{"name":"(anonymous_5)","decl":{"start":{"line":36,"column":2},"end":{"line":36,"column":3}},"loc":{"start":{"line":36,"column":11},"end":{"line":85,"column":3}},"line":36},"6":{"name":"(anonymous_6)","decl":{"start":{"line":61,"column":17},"end":{"line":61,"column":18}},"loc":{"start":{"line":61,"column":28},"end":{"line":63,"column":13}},"line":61},"7":{"name":"(anonymous_7)","decl":{"start":{"line":65,"column":30},"end":{"line":65,"column":31}},"loc":{"start":{"line":66,"column":14},"end":{"line":79,"column":20}},"line":66},"8":{"name":"(anonymous_8)","decl":{"start":{"line":70,"column":27},"end":{"line":70,"column":28}},"loc":{"start":{"line":70,"column":36},"end":{"line":75,"column":19}},"line":70},"9":{"name":"(anonymous_9)","decl":{"start":{"line":72,"column":59},"end":{"line":72,"column":60}},"loc":{"start":{"line":72,"column":65},"end":{"line":74,"column":21}},"line":72},"10":{"name":"(anonymous_10)","decl":{"start":{"line":102,"column":4},"end":{"line":102,"column":5}},"loc":{"start":{"line":102,"column":14},"end":{"line":102,"column":52}},"line":102},"11":{"name":"(anonymous_11)","decl":{"start":{"line":112,"column":4},"end":{"line":112,"column":5}},"loc":{"start":{"line":112,"column":14},"end":{"line":112,"column":66}},"line":112}},"branchMap":{"0":{"loc":{"start":{"line":29,"column":4},"end":{"line":33,"column":5}},"type":"if","locations":[{"start":{"line":29,"column":4},"end":{"line":33,"column":5}},{"start":{"line":29,"column":4},"end":{"line":33,"column":5}}],"line":29},"1":{"loc":{"start":{"line":47,"column":19},"end":{"line":47,"column":53}},"type":"cond-expr","locations":[{"start":{"line":47,"column":31},"end":{"line":47,"column":48}},{"start":{"line":47,"column":51},"end":{"line":47,"column":53}}],"line":47},"2":{"loc":{"start":{"line":58,"column":9},"end":{"line":82,"column":16}},"type":"cond-expr","locations":[{"start":{"line":59,"column":10},"end":{"line":81,"column":20}},{"start":{"line":82,"column":12},"end":{"line":82,"column":16}}],"line":58},"3":{"loc":{"start":{"line":102,"column":14},"end":{"line":102,"column":52}},"type":"cond-expr","locations":[{"start":{"line":102,"column":32},"end":{"line":102,"column":34}},{"start":{"line":102,"column":37},"end":{"line":102,"column":52}}],"line":102},"4":{"loc":{"start":{"line":112,"column":14},"end":{"line":112,"column":66}},"type":"cond-expr","locations":[{"start":{"line":112,"column":31},"end":{"line":112,"column":61}},{"start":{"line":112,"column":64},"end":{"line":112,"column":66}}],"line":112}},"s":{"0":14,"1":14,"2":14,"3":14,"4":12,"5":12,"6":12,"7":0,"8":0,"9":0,"10":28,"11":28,"12":14,"13":54,"14":2,"15":2,"16":2,"17":2,"18":2,"19":26,"20":2,"21":2,"22":2,"23":26,"24":2,"25":2,"26":2,"27":2,"28":2,"29":2,"30":2,"31":2,"32":2},"f":{"0":14,"1":12,"2":12,"3":0,"4":0,"5":28,"6":14,"7":54,"8":2,"9":2,"10":26,"11":26},"b":{"0":[0,0],"1":[28,0],"2":[12,16],"3":[26,0],"4":[12,14]},"_coverageSchema":"43e27e138ebf9cfc5966b082cf9a028302ed4184","hash":"7b99059e7db4ad01fb5413c043c8c04b2f40cd30"}
,"/Users/vitoriamainardi/Desktop/Challenge/src/views/Dropdown/dropdownConfig/dropdownConfig.js": {"path":"/Users/vitoriamainardi/Desktop/Challenge/src/views/Dropdown/dropdownConfig/dropdownConfig.js","statementMap":{"0":{"start":{"line":3,"column":34},"end":{"line":14,"column":1}},"1":{"start":{"line":4,"column":2},"end":{"line":13,"column":3}},"2":{"start":{"line":6,"column":6},"end":{"line":6,"column":46}},"3":{"start":{"line":8,"column":6},"end":{"line":8,"column":36}},"4":{"start":{"line":10,"column":6},"end":{"line":10,"column":40}},"5":{"start":{"line":12,"column":6},"end":{"line":12,"column":16}}},"fnMap":{"0":{"name":"(anonymous_0)","decl":{"start":{"line":3,"column":34},"end":{"line":3,"column":35}},"loc":{"start":{"line":3,"column":45},"end":{"line":14,"column":1}},"line":3}},"branchMap":{"0":{"loc":{"start":{"line":4,"column":2},"end":{"line":13,"column":3}},"type":"switch","locations":[{"start":{"line":5,"column":4},"end":{"line":6,"column":46}},{"start":{"line":7,"column":4},"end":{"line":8,"column":36}},{"start":{"line":9,"column":4},"end":{"line":10,"column":40}},{"start":{"line":11,"column":4},"end":{"line":12,"column":16}}],"line":4}},"s":{"0":2,"1":3,"2":1,"3":1,"4":1,"5":0},"f":{"0":3},"b":{"0":[1,1,1,0]},"_coverageSchema":"43e27e138ebf9cfc5966b082cf9a028302ed4184","hash":"11cd4445099e177ae8cbd26b82fc61516d337b63"}
,"/Users/vitoriamainardi/Desktop/Challenge/src/views/FAQArea/FAQArea.js": {"path":"/Users/vitoriamainardi/Desktop/Challenge/src/views/FAQArea/FAQArea.js","statementMap":{"0":{"start":{"line":8,"column":16},"end":{"line":60,"column":1}},"1":{"start":{"line":9,"column":38},"end":{"line":9,"column":53}},"2":{"start":{"line":10,"column":32},"end":{"line":10,"column":51}},"3":{"start":{"line":12,"column":17},"end":{"line":12,"column":37}},"4":{"start":{"line":14,"column":27},"end":{"line":15,"column":40}},"5":{"start":{"line":15,"column":4},"end":{"line":15,"column":40}},"6":{"start":{"line":17,"column":2},"end":{"line":59,"column":4}},"7":{"start":{"line":26,"column":12},"end":{"line":54,"column":19}},"8":{"start":{"line":30,"column":18},"end":{"line":32,"column":42}},"9":{"start":{"line":33,"column":18},"end":{"line":33,"column":41}},"10":{"start":{"line":61,"column":0},"end":{"line":64,"column":2}},"11":{"start":{"line":66,"column":17},"end":{"line":69,"column":1}},"12":{"start":{"line":70,"column":0},"end":{"line":70,"column":34}},"13":{"start":{"line":72,"column":20},"end":{"line":75,"column":1}},"14":{"start":{"line":76,"column":0},"end":{"line":76,"column":40}},"15":{"start":{"line":78,"column":22},"end":{"line":81,"column":1}},"16":{"start":{"line":82,"column":0},"end":{"line":82,"column":44}},"17":{"start":{"line":84,"column":13},"end":{"line":92,"column":1}},"18":{"start":{"line":94,"column":17},"end":{"line":99,"column":1}},"19":{"start":{"line":100,"column":0},"end":{"line":100,"column":34}},"20":{"start":{"line":102,"column":15},"end":{"line":109,"column":1}},"21":{"start":{"line":110,"column":0},"end":{"line":110,"column":30}},"22":{"start":{"line":112,"column":13},"end":{"line":116,"column":1}},"23":{"start":{"line":115,"column":14},"end":{"line":115,"column":63}},"24":{"start":{"line":118,"column":15},"end":{"line":121,"column":1}},"25":{"start":{"line":122,"column":0},"end":{"line":122,"column":30}}},"fnMap":{"0":{"name":"(anonymous_0)","decl":{"start":{"line":8,"column":16},"end":{"line":8,"column":17}},"loc":{"start":{"line":8,"column":43},"end":{"line":60,"column":1}},"line":8},"1":{"name":"(anonymous_1)","decl":{"start":{"line":14,"column":27},"end":{"line":14,"column":28}},"loc":{"start":{"line":15,"column":4},"end":{"line":15,"column":40}},"line":15},"2":{"name":"(anonymous_2)","decl":{"start":{"line":25,"column":22},"end":{"line":25,"column":23}},"loc":{"start":{"line":26,"column":12},"end":{"line":54,"column":19}},"line":26},"3":{"name":"(anonymous_3)","decl":{"start":{"line":29,"column":25},"end":{"line":29,"column":26}},"loc":{"start":{"line":29,"column":31},"end":{"line":34,"column":17}},"line":29},"4":{"name":"(anonymous_4)","decl":{"start":{"line":115,"column":4},"end":{"line":115,"column":5}},"loc":{"start":{"line":115,"column":14},"end":{"line":115,"column":63}},"line":115}},"branchMap":{"0":{"loc":{"start":{"line":15,"column":4},"end":{"line":15,"column":40}},"type":"binary-expr","locations":[{"start":{"line":15,"column":4},"end":{"line":15,"column":14}},{"start":{"line":15,"column":18},"end":{"line":15,"column":40}}],"line":15},"1":{"loc":{"start":{"line":19,"column":17},"end":{"line":19,"column":59}},"type":"cond-expr","locations":[{"start":{"line":19,"column":30},"end":{"line":19,"column":45}},{"start":{"line":19,"column":48},"end":{"line":19,"column":59}}],"line":19},"2":{"loc":{"start":{"line":20,"column":7},"end":{"line":22,"column":7}},"type":"binary-expr","locations":[{"start":{"line":20,"column":7},"end":{"line":20,"column":18}},{"start":{"line":21,"column":8},"end":{"line":21,"column":74}}],"line":20},"3":{"loc":{"start":{"line":23,"column":7},"end":{"line":57,"column":7}},"type":"binary-expr","locations":[{"start":{"line":23,"column":7},"end":{"line":23,"column":17}},{"start":{"line":24,"column":8},"end":{"line":56,"column":24}}],"line":23},"4":{"loc":{"start":{"line":30,"column":18},"end":{"line":32,"column":41}},"type":"cond-expr","locations":[{"start":{"line":31,"column":22},"end":{"line":31,"column":48}},{"start":{"line":32,"column":22},"end":{"line":32,"column":41}}],"line":30},"5":{"loc":{"start":{"line":51,"column":15},"end":{"line":53,"column":15}},"type":"binary-expr","locations":[{"start":{"line":51,"column":15},"end":{"line":51,"column":64}},{"start":{"line":52,"column":16},"end":{"line":52,"column":76}}],"line":51},"6":{"loc":{"start":{"line":115,"column":14},"end":{"line":115,"column":63}},"type":"cond-expr","locations":[{"start":{"line":115,"column":31},"end":{"line":115,"column":58}},{"start":{"line":115,"column":61},"end":{"line":115,"column":63}}],"line":115}},"s":{"0":2,"1":10,"2":10,"3":10,"4":10,"5":42,"6":10,"7":14,"8":1,"9":1,"10":2,"11":2,"12":2,"13":2,"14":2,"15":2,"16":2,"17":2,"18":2,"19":2,"20":2,"21":2,"22":2,"23":6,"24":2,"25":2},"f":{"0":10,"1":42,"2":14,"3":1,"4":6},"b":{"0":[42,6],"1":[7,3],"2":[10,3],"3":[10,7],"4":[0,1],"5":[14,1],"6":[1,5]},"_coverageSchema":"43e27e138ebf9cfc5966b082cf9a028302ed4184","hash":"dd6199dfaa10d5b1ae5e8186056050f98c7d90a6"}
,"/Users/vitoriamainardi/Desktop/Challenge/src/views/FAQArea/FAQconfig/FAQconfig.js": {"path":"/Users/vitoriamainardi/Desktop/Challenge/src/views/FAQArea/FAQconfig/FAQconfig.js","statementMap":{"0":{"start":{"line":3,"column":29},"end":{"line":88,"column":1}},"1":{"start":{"line":4,"column":2},"end":{"line":87,"column":3}},"2":{"start":{"line":6,"column":6},"end":{"line":17,"column":8}},"3":{"start":{"line":19,"column":6},"end":{"line":32,"column":8}},"4":{"start":{"line":34,"column":6},"end":{"line":45,"column":8}},"5":{"start":{"line":47,"column":6},"end":{"line":58,"column":8}},"6":{"start":{"line":60,"column":6},"end":{"line":71,"column":8}},"7":{"start":{"line":73,"column":6},"end":{"line":84,"column":8}},"8":{"start":{"line":86,"column":6},"end":{"line":86,"column":16}}},"fnMap":{"0":{"name":"(anonymous_0)","decl":{"start":{"line":3,"column":29},"end":{"line":3,"column":30}},"loc":{"start":{"line":3,"column":40},"end":{"line":88,"column":1}},"line":3}},"branchMap":{"0":{"loc":{"start":{"line":4,"column":2},"end":{"line":87,"column":3}},"type":"switch","locations":[{"start":{"line":5,"column":4},"end":{"line":17,"column":8}},{"start":{"line":18,"column":4},"end":{"line":32,"column":8}},{"start":{"line":33,"column":4},"end":{"line":45,"column":8}},{"start":{"line":46,"column":4},"end":{"line":58,"column":8}},{"start":{"line":59,"column":4},"end":{"line":71,"column":8}},{"start":{"line":72,"column":4},"end":{"line":84,"column":8}},{"start":{"line":85,"column":4},"end":{"line":86,"column":16}}],"line":4}},"s":{"0":3,"1":16,"2":1,"3":1,"4":1,"5":1,"6":11,"7":1,"8":0},"f":{"0":16},"b":{"0":[1,1,1,1,11,1,0]},"_coverageSchema":"43e27e138ebf9cfc5966b082cf9a028302ed4184","hash":"955517cfe9b92fec55fef01b2efacdcccbb63c36"}
}
