TN:
SF:/Users/vitoriamainardi/Desktop/Challenge/src/constants/colors.js
FNF:0
FNH:0
DA:1,2
DA:2,2
LF:2
LH:2
BRF:0
BRH:0
end_of_record
TN:
SF:/Users/vitoriamainardi/Desktop/Challenge/src/constants/sampleData.js
FNF:0
FNH:0
DA:1,5
DA:3,5
DA:9,5
LF:3
LH:3
BRF:0
BRH:0
end_of_record
TN:
SF:/Users/vitoriamainardi/Desktop/Challenge/src/tests/empty-module.js
FNF:0
FNH:0
DA:2,3
LF:1
LH:1
BRF:0
BRH:0
end_of_record
TN:
SF:/Users/vitoriamainardi/Desktop/Challenge/src/views/App.js
FN:9,(anonymous_0)
FN:24,(anonymous_1)
FN:32,(anonymous_2)
FNF:3
FNH:1
FNDA:5,(anonymous_0)
FNDA:0,(anonymous_1)
FNDA:0,(anonymous_2)
DA:9,1
DA:10,5
DA:13,5
DA:16,5
DA:17,5
DA:19,5
DA:20,5
DA:24,5
DA:25,0
DA:26,0
DA:27,0
DA:28,0
DA:29,0
DA:32,5
DA:33,0
DA:34,0
DA:35,0
DA:38,5
DA:63,1
DA:68,1
DA:73,1
DA:76,1
LF:22
LH:14
BRDA:20,0,0,0
BRDA:20,0,1,5
BRF:2
BRH:1
end_of_record
TN:
SF:/Users/vitoriamainardi/Desktop/Challenge/src/views/Dropdown/Dropdown.js
FN:9,(anonymous_0)
FN:20,(anonymous_1)
FN:23,(anonymous_2)
FN:28,(anonymous_3)
FN:30,(anonymous_4)
FN:36,(anonymous_5)
FN:61,(anonymous_6)
FN:65,(anonymous_7)
FN:70,(anonymous_8)
FN:72,(anonymous_9)
FN:102,(anonymous_10)
FN:112,(anonymous_11)
FNF:12
FNH:10
FNDA:14,(anonymous_0)
FNDA:12,(anonymous_1)
FNDA:12,(anonymous_2)
FNDA:0,(anonymous_3)
FNDA:0,(anonymous_4)
FNDA:28,(anonymous_5)
FNDA:14,(anonymous_6)
FNDA:54,(anonymous_7)
FNDA:2,(anonymous_8)
FNDA:2,(anonymous_9)
FNDA:26,(anonymous_10)
FNDA:26,(anonymous_11)
DA:10,14
DA:12,14
DA:16,14
DA:17,14
DA:21,12
DA:23,12
DA:24,12
DA:29,0
DA:30,0
DA:31,0
DA:42,28
DA:43,28
DA:62,14
DA:66,54
DA:71,2
DA:72,2
DA:73,2
DA:88,2
DA:95,2
DA:102,26
DA:104,2
DA:106,2
DA:110,2
DA:112,26
DA:116,2
DA:118,2
DA:124,2
DA:126,2
DA:134,2
DA:136,2
DA:142,2
DA:144,2
DA:152,2
LF:33
LH:30
BRDA:29,0,0,0
BRDA:29,0,1,0
BRDA:47,1,0,28
BRDA:47,1,1,0
BRDA:58,2,0,12
BRDA:58,2,1,16
BRDA:102,3,0,26
BRDA:102,3,1,0
BRDA:112,4,0,12
BRDA:112,4,1,14
BRF:10
BRH:6
end_of_record
TN:
SF:/Users/vitoriamainardi/Desktop/Challenge/src/views/Dropdown/dropdownConfig/dropdownConfig.js
FN:3,(anonymous_0)
FNF:1
FNH:1
FNDA:3,(anonymous_0)
DA:3,2
DA:4,3
DA:6,1
DA:8,1
DA:10,1
DA:12,0
LF:6
LH:5
BRDA:4,0,0,1
BRDA:4,0,1,1
BRDA:4,0,2,1
BRDA:4,0,3,0
BRF:4
BRH:3
end_of_record
TN:
SF:/Users/vitoriamainardi/Desktop/Challenge/src/views/FAQArea/FAQArea.js
FN:8,(anonymous_0)
FN:14,(anonymous_1)
FN:25,(anonymous_2)
FN:29,(anonymous_3)
FN:115,(anonymous_4)
FNF:5
FNH:5
FNDA:10,(anonymous_0)
FNDA:42,(anonymous_1)
FNDA:14,(anonymous_2)
FNDA:1,(anonymous_3)
FNDA:6,(anonymous_4)
DA:8,2
DA:9,10
DA:10,10
DA:12,10
DA:14,10
DA:15,42
DA:17,10
DA:26,14
DA:30,1
DA:33,1
DA:61,2
DA:66,2
DA:70,2
DA:72,2
DA:76,2
DA:78,2
DA:82,2
DA:84,2
DA:94,2
DA:100,2
DA:102,2
DA:110,2
DA:112,2
DA:115,6
DA:118,2
DA:122,2
LF:26
LH:26
BRDA:15,0,0,42
BRDA:15,0,1,6
BRDA:19,1,0,7
BRDA:19,1,1,3
BRDA:20,2,0,10
BRDA:20,2,1,3
BRDA:23,3,0,10
BRDA:23,3,1,7
BRDA:30,4,0,0
BRDA:30,4,1,1
BRDA:51,5,0,14
BRDA:51,5,1,1
BRDA:115,6,0,1
BRDA:115,6,1,5
BRF:14
BRH:13
end_of_record
TN:
SF:/Users/vitoriamainardi/Desktop/Challenge/src/views/FAQArea/FAQconfig/FAQconfig.js
FN:3,(anonymous_0)
FNF:1
FNH:1
FNDA:16,(anonymous_0)
DA:3,3
DA:4,16
DA:6,1
DA:19,1
DA:34,1
DA:47,1
DA:60,11
DA:73,1
DA:86,0
LF:9
LH:8
BRDA:4,0,0,1
BRDA:4,0,1,1
BRDA:4,0,2,1
BRDA:4,0,3,1
BRDA:4,0,4,11
BRDA:4,0,5,1
BRDA:4,0,6,0
BRF:7
BRH:6
end_of_record
